mode: count
github.com/benjaminch/openrtb-pricers/doubleclick/doubleclick_pricer.go:42.48,51.16 6 25
github.com/benjaminch/openrtb-pricers/doubleclick/doubleclick_pricer.go:54.2,55.16 2 25
github.com/benjaminch/openrtb-pricers/doubleclick/doubleclick_pricer.go:59.2,59.25 1 25
github.com/benjaminch/openrtb-pricers/doubleclick/doubleclick_pricer.go:75.2,83.6 1 25
github.com/benjaminch/openrtb-pricers/doubleclick/doubleclick_pricer.go:51.16,53.3 1 0
github.com/benjaminch/openrtb-pricers/doubleclick/doubleclick_pricer.go:55.16,57.3 1 0
github.com/benjaminch/openrtb-pricers/doubleclick/doubleclick_pricer.go:59.25,63.17 4 0
github.com/benjaminch/openrtb-pricers/doubleclick/doubleclick_pricer.go:66.3,69.17 4 0
github.com/benjaminch/openrtb-pricers/doubleclick/doubleclick_pricer.go:72.3,72.66 1 0
github.com/benjaminch/openrtb-pricers/doubleclick/doubleclick_pricer.go:63.17,65.4 1 0
github.com/benjaminch/openrtb-pricers/doubleclick/doubleclick_pricer.go:69.17,71.4 1 0
github.com/benjaminch/openrtb-pricers/doubleclick/doubleclick_pricer.go:90.36,107.25 7 84
github.com/benjaminch/openrtb-pricers/doubleclick/doubleclick_pricer.go:113.2,114.25 2 84
github.com/benjaminch/openrtb-pricers/doubleclick/doubleclick_pricer.go:120.2,120.22 1 84
github.com/benjaminch/openrtb-pricers/doubleclick/doubleclick_pricer.go:123.2,123.25 1 84
github.com/benjaminch/openrtb-pricers/doubleclick/doubleclick_pricer.go:129.2,131.25 3 84
github.com/benjaminch/openrtb-pricers/doubleclick/doubleclick_pricer.go:137.2,137.102 1 84
github.com/benjaminch/openrtb-pricers/doubleclick/doubleclick_pricer.go:107.25,110.3 2 0
github.com/benjaminch/openrtb-pricers/doubleclick/doubleclick_pricer.go:114.25,117.3 2 0
github.com/benjaminch/openrtb-pricers/doubleclick/doubleclick_pricer.go:120.22,122.3 1 672
github.com/benjaminch/openrtb-pricers/doubleclick/doubleclick_pricer.go:123.25,126.3 2 0
github.com/benjaminch/openrtb-pricers/doubleclick/doubleclick_pricer.go:131.25,134.3 2 0
github.com/benjaminch/openrtb-pricers/doubleclick/doubleclick_pricer.go:141.96,148.16 5 91
github.com/benjaminch/openrtb-pricers/doubleclick/doubleclick_pricer.go:152.2,152.25 1 91
github.com/benjaminch/openrtb-pricers/doubleclick/doubleclick_pricer.go:158.2,174.25 7 91
github.com/benjaminch/openrtb-pricers/doubleclick/doubleclick_pricer.go:182.2,182.19 1 91
github.com/benjaminch/openrtb-pricers/doubleclick/doubleclick_pricer.go:187.2,190.21 2 91
github.com/benjaminch/openrtb-pricers/doubleclick/doubleclick_pricer.go:195.2,197.19 2 91
github.com/benjaminch/openrtb-pricers/doubleclick/doubleclick_pricer.go:148.16,150.3 1 0
github.com/benjaminch/openrtb-pricers/doubleclick/doubleclick_pricer.go:152.25,155.3 2 0
github.com/benjaminch/openrtb-pricers/doubleclick/doubleclick_pricer.go:174.25,179.3 4 0
github.com/benjaminch/openrtb-pricers/doubleclick/doubleclick_pricer.go:182.19,184.3 1 728
github.com/benjaminch/openrtb-pricers/doubleclick/doubleclick_pricer.go:190.21,191.29 1 364
github.com/benjaminch/openrtb-pricers/doubleclick/doubleclick_pricer.go:191.29,193.4 1 0
